<?xml version="1.0" encoding="UTF-8"?>
<robot generator="Robot 5.0.1 (Python 3.9.12 on win32)" generated="20220830 11:03:52.482" rpa="false" schemaversion="3">
<suite id="s1" name="Testcases" source="D:\work\Assignment\git-flow\assignment_lotuss_web\testcases">
<suite id="s1-s1" name="Login Test" source="D:\work\Assignment\git-flow\assignment_lotuss_web\testcases\login_test.robot">
<test id="s1-s1-t1" name="TC-001 Login my-lotuss web" line="6">
<kw name="go to lotuss web" library="login_test_keywords">
<kw name="Open Browser" library="Selenium2Library">
<arg>${lotuss_web}</arg>
<arg>chrome</arg>
<doc>Opens a new browser instance to the optional ``url``.</doc>
<msg timestamp="20220830 11:03:53.043" level="INFO">Opening browser 'chrome' to base url 'https://www.lotuss.com/th'.</msg>
<status status="PASS" starttime="20220830 11:03:53.043" endtime="20220830 11:03:55.337"/>
</kw>
<kw name="Maximize Browser Window" library="Selenium2Library">
<doc>Maximizes current browser window.</doc>
<status status="PASS" starttime="20220830 11:03:55.337" endtime="20220830 11:03:55.458"/>
</kw>
<status status="PASS" starttime="20220830 11:03:53.042" endtime="20220830 11:03:55.458"/>
</kw>
<kw name="login" library="login_test_keywords">
<kw name="Wait Until Element Is Visible" library="Selenium2Library">
<arg>//*[@id="header-login-link"]</arg>
<doc>Waits until the element ``locator`` is visible.</doc>
<status status="PASS" starttime="20220830 11:03:55.460" endtime="20220830 11:03:56.565"/>
</kw>
<kw name="Click Element" library="Selenium2Library">
<arg>//*[@id="header-login-link"]</arg>
<doc>Click the element identified by ``locator``.</doc>
<msg timestamp="20220830 11:03:56.566" level="INFO">Clicking element '//*[@id="header-login-link"]'.</msg>
<status status="PASS" starttime="20220830 11:03:56.566" endtime="20220830 11:03:56.731"/>
</kw>
<kw name="Wait Until Element Is Visible" library="Selenium2Library">
<arg>${input_username}</arg>
<doc>Waits until the element ``locator`` is visible.</doc>
<msg timestamp="20220830 11:03:57.323" level="INFO" html="true">&lt;/td&gt;&lt;/tr&gt;&lt;tr&gt;&lt;td colspan="3"&gt;&lt;a href="selenium-screenshot-7.png"&gt;&lt;img src="selenium-screenshot-7.png" width="800px"&gt;&lt;/a&gt;</msg>
<msg timestamp="20220830 11:03:57.325" level="FAIL">WebDriverException: Message: unknown error: cannot determine loading status
from unknown error: unexpected command response
  (Session info: chrome=104.0.5112.102)
Stacktrace:
Backtrace:
	Ordinal0 [0x00726463+2188387]
	Ordinal0 [0x006BE461+1762401]
	Ordinal0 [0x005D3D78+802168]
	Ordinal0 [0x005C7210+750096]
	Ordinal0 [0x005C675A+747354]
	Ordinal0 [0x005C5D3F+744767]
	Ordinal0 [0x005C4C28+740392]
	Ordinal0 [0x005C5228+741928]
	Ordinal0 [0x005CEF2F+782127]
	Ordinal0 [0x005D9FBB+827323]
	Ordinal0 [0x005DD310+840464]
	Ordinal0 [0x005C54F6+742646]
	Ordinal0 [0x005D9BF3+826355]
	Ordinal0 [0x0062CB47+1166151]
	Ordinal0 [0x0061C5F6+1099254]
	Ordinal0 [0x005F6BE0+945120]
	Ordinal0 [0x005F7AD6+948950]
	GetHandleVerifier [0x009C71F2+2712546]
	GetHandleVerifier [0x009B886D+2652765]
	GetHandleVerifier [0x007B002A+520730]
	GetHandleVerifier [0x007AEE06+516086]
	Ordinal0 [0x006C468B+1787531]
	Ordinal0 [0x006C8E88+1805960]
	Ordinal0 [0x006C8F75+1806197]
	Ordinal0 [0x006D1DF1+1842673]
	BaseThreadInitThunk [0x75BC6739+25]
	RtlGetFullPathName_UEx [0x772390AF+1215]
	RtlGetFullPathName_UEx [0x7723907D+1165]
</msg>
<status status="FAIL" starttime="20220830 11:03:56.732" endtime="20220830 11:03:57.400"/>
</kw>
<kw name="Input Text" library="Selenium2Library">
<arg>${input_username}</arg>
<arg>${username}</arg>
<doc>Types the given ``text`` into the text field identified by ``locator``.</doc>
<status status="NOT RUN" starttime="20220830 11:03:57.400" endtime="20220830 11:03:57.400"/>
</kw>
<kw name="Input Password" library="Selenium2Library">
<arg>${input_password}</arg>
<arg>${password}</arg>
<doc>Types the given password into the text field identified by ``locator``.</doc>
<status status="NOT RUN" starttime="20220830 11:03:57.400" endtime="20220830 11:03:57.400"/>
</kw>
<kw name="Click Button" library="Selenium2Library">
<arg>//*[@id="login"]</arg>
<doc>Clicks the button identified by ``locator``.</doc>
<status status="NOT RUN" starttime="20220830 11:03:57.400" endtime="20220830 11:03:57.400"/>
</kw>
<kw name="Wait Until Element Is Visible" library="Selenium2Library">
<arg>${profile}</arg>
<doc>Waits until the element ``locator`` is visible.</doc>
<status status="NOT RUN" starttime="20220830 11:03:57.400" endtime="20220830 11:03:57.400"/>
</kw>
<kw name="Page Should Contain Element" library="Selenium2Library">
<arg>${profile}</arg>
<arg>Success</arg>
<doc>Verifies that element ``locator`` is found on the current page.</doc>
<status status="NOT RUN" starttime="20220830 11:03:57.401" endtime="20220830 11:03:57.401"/>
</kw>
<kw name="Close Browser" library="Selenium2Library">
<doc>Closes the current browser.</doc>
<status status="NOT RUN" starttime="20220830 11:03:57.401" endtime="20220830 11:03:57.401"/>
</kw>
<status status="FAIL" starttime="20220830 11:03:55.460" endtime="20220830 11:03:57.401"/>
</kw>
<status status="FAIL" starttime="20220830 11:03:53.041" endtime="20220830 11:03:57.402">WebDriverException: Message: unknown error: cannot determine loading status
from unknown error: unexpected command response
  (Session info: chrome=104.0.5112.102)
Stacktrace:
Backtrace:
	Ordinal0 [0x00726463+2188387]
	Ordinal0 [0x006BE461+1762401]
	Ordinal0 [0x005D3D78+802168]
	Ordinal0 [0x005C7210+750096]
	Ordinal0 [0x005C675A+747354]
	Ordinal0 [0x005C5D3F+744767]
	Ordinal0 [0x005C4C28+740392]
	Ordinal0 [0x005C5228+741928]
	Ordinal0 [0x005CEF2F+782127]
	Ordinal0 [0x005D9FBB+827323]
	Ordinal0 [0x005DD310+840464]
	Ordinal0 [0x005C54F6+742646]
	Ordinal0 [0x005D9BF3+826355]
	Ordinal0 [0x0062CB47+1166151]
	Ordinal0 [0x0061C5F6+1099254]
	Ordinal0 [0x005F6BE0+945120]
	Ordinal0 [0x005F7AD6+948950]
	GetHandleVerifier [0x009C71F2+2712546]
	GetHandleVerifier [0x009B886D+2652765]
	GetHandleVerifier [0x007B002A+520730]
	GetHandleVerifier [0x007AEE06+516086]
	Ordinal0 [0x006C468B+1787531]
	Ordinal0 [0x006C8E88+1805960]
	Ordinal0 [0x006C8F75+1806197]
	Ordinal0 [0x006D1DF1+1842673]
	BaseThreadInitThunk [0x75BC6739+25]
	RtlGetFullPathName_UEx [0x772390AF+1215]
	RtlGetFullPathName_UEx [0x7723907D+1165]
</status>
</test>
<status status="FAIL" starttime="20220830 11:03:52.503" endtime="20220830 11:03:57.408"/>
</suite>
<status status="FAIL" starttime="20220830 11:03:52.483" endtime="20220830 11:03:57.411"/>
</suite>
<statistics>
<total>
<stat pass="0" fail="1" skip="0">All Tests</stat>
</total>
<tag>
</tag>
<suite>
<stat pass="0" fail="1" skip="0" id="s1" name="Testcases">Testcases</stat>
<stat pass="0" fail="1" skip="0" id="s1-s1" name="Login Test">Testcases.Login Test</stat>
</suite>
</statistics>
<errors>
</errors>
</robot>
